0 info it worked if it ends with ok
1 verbose cli [ '/usr/local/bin/node',
1 verbose cli   '/usr/local/bin/npm',
1 verbose cli   'install',
1 verbose cli   '-g',
1 verbose cli   'gulp',
1 verbose cli   'bower' ]
2 info using npm@1.4.28
3 info using node@v0.10.33
4 verbose cache add [ 'gulp', null ]
5 verbose cache add name=undefined spec="gulp" args=["gulp",null]
6 verbose parsed url { protocol: null,
6 verbose parsed url   slashes: null,
6 verbose parsed url   auth: null,
6 verbose parsed url   host: null,
6 verbose parsed url   port: null,
6 verbose parsed url   hostname: null,
6 verbose parsed url   hash: null,
6 verbose parsed url   search: null,
6 verbose parsed url   query: null,
6 verbose parsed url   pathname: 'gulp',
6 verbose parsed url   path: 'gulp',
6 verbose parsed url   href: 'gulp' }
7 verbose cache add [ 'bower', null ]
8 verbose cache add name=undefined spec="bower" args=["bower",null]
9 verbose parsed url { protocol: null,
9 verbose parsed url   slashes: null,
9 verbose parsed url   auth: null,
9 verbose parsed url   host: null,
9 verbose parsed url   port: null,
9 verbose parsed url   hostname: null,
9 verbose parsed url   hash: null,
9 verbose parsed url   search: null,
9 verbose parsed url   query: null,
9 verbose parsed url   pathname: 'bower',
9 verbose parsed url   path: 'bower',
9 verbose parsed url   href: 'bower' }
10 silly lockFile 9750c68d-gulp gulp
11 verbose lock gulp /home/aster/.npm/9750c68d-gulp.lock
12 silly lockFile 206e3ce5-bower bower
13 verbose lock bower /home/aster/.npm/206e3ce5-bower.lock
14 silly lockFile 9750c68d-gulp gulp
15 silly lockFile 9750c68d-gulp gulp
16 silly lockFile 206e3ce5-bower bower
17 silly lockFile 206e3ce5-bower bower
18 verbose addNamed [ 'gulp', '' ]
19 verbose addNamed [ null, '*' ]
20 silly lockFile 72f4391e-gulp gulp@
21 verbose lock gulp@ /home/aster/.npm/72f4391e-gulp.lock
22 verbose addNamed [ 'bower', '' ]
23 verbose addNamed [ null, '*' ]
24 silly lockFile 1240aab1-bower bower@
25 verbose lock bower@ /home/aster/.npm/1240aab1-bower.lock
26 silly addNameRange { name: 'gulp', range: '*', hasData: false }
27 silly addNameRange { name: 'bower', range: '*', hasData: false }
28 verbose request where is /gulp
29 verbose request registry https://registry.npmjs.org/
30 verbose request id ca5d50f74bfa0498
31 verbose url raw /gulp
32 verbose url resolving [ 'https://registry.npmjs.org/', './gulp' ]
33 verbose url resolved https://registry.npmjs.org/gulp
34 verbose request where is https://registry.npmjs.org/gulp
35 info trying registry request attempt 1 at 10:04:38
36 http GET https://registry.npmjs.org/gulp
37 verbose request where is /bower
38 verbose request registry https://registry.npmjs.org/
39 verbose url raw /bower
40 verbose url resolving [ 'https://registry.npmjs.org/', './bower' ]
41 verbose url resolved https://registry.npmjs.org/bower
42 verbose request where is https://registry.npmjs.org/bower
43 info trying registry request attempt 1 at 10:04:38
44 http GET https://registry.npmjs.org/bower
45 http 200 https://registry.npmjs.org/bower
46 silly registry.get cb [ 200,
46 silly registry.get   { server: 'CouchDB/1.5.0 (Erlang OTP/R16B03)',
46 silly registry.get     etag: '"8NTVBHR47S4OBU5625UO0QESQ"',
46 silly registry.get     'content-type': 'application/json',
46 silly registry.get     'cache-control': 'max-age=60',
46 silly registry.get     'content-length': '120082',
46 silly registry.get     'accept-ranges': 'bytes',
46 silly registry.get     date: 'Sun, 30 Aug 2015 15:04:38 GMT',
46 silly registry.get     via: '1.1 varnish',
46 silly registry.get     age: '14',
46 silly registry.get     connection: 'keep-alive',
46 silly registry.get     'x-served-by': 'cache-dfw1821-DFW',
46 silly registry.get     'x-cache': 'HIT',
46 silly registry.get     'x-cache-hits': '1',
46 silly registry.get     'x-timer': 'S1440947078.852767,VS0,VE1',
46 silly registry.get     vary: 'Accept' } ]
47 silly addNameRange number 2 { name: 'bower', range: '*', hasData: true }
48 silly addNameRange versions [ 'bower',
48 silly addNameRange   [ '0.1.0',
48 silly addNameRange     '0.1.2',
48 silly addNameRange     '0.1.3',
48 silly addNameRange     '0.2.0',
48 silly addNameRange     '0.3.0',
48 silly addNameRange     '0.3.1',
48 silly addNameRange     '0.3.2',
48 silly addNameRange     '0.4.0',
48 silly addNameRange     '0.5.0',
48 silly addNameRange     '0.5.1',
48 silly addNameRange     '0.6.0',
48 silly addNameRange     '0.6.1',
48 silly addNameRange     '0.6.2',
48 silly addNameRange     '0.6.3',
48 silly addNameRange     '0.6.4',
48 silly addNameRange     '0.6.5',
48 silly addNameRange     '0.6.6',
48 silly addNameRange     '0.6.7',
48 silly addNameRange     '0.6.8',
48 silly addNameRange     '0.7.0',
48 silly addNameRange     '0.7.1',
48 silly addNameRange     '0.8.0',
48 silly addNameRange     '0.8.1',
48 silly addNameRange     '0.8.2',
48 silly addNameRange     '0.8.3',
48 silly addNameRange     '0.8.4',
48 silly addNameRange     '0.8.5',
48 silly addNameRange     '0.8.6',
48 silly addNameRange     '0.9.0',
48 silly addNameRange     '0.9.1',
48 silly addNameRange     '0.9.2',
48 silly addNameRange     '0.10.0',
48 silly addNameRange     '1.0.0',
48 silly addNameRange     '1.0.1',
48 silly addNameRange     '1.0.2',
48 silly addNameRange     '1.0.3',
48 silly addNameRange     '1.1.0',
48 silly addNameRange     '1.1.1',
48 silly addNameRange     '1.1.2',
48 silly addNameRange     '1.2.0',
48 silly addNameRange     '1.2.1',
48 silly addNameRange     '1.2.2',
48 silly addNameRange     '1.2.3',
48 silly addNameRange     '1.2.4',
48 silly addNameRange     '1.2.5',
48 silly addNameRange     '1.2.6',
48 silly addNameRange     '1.2.7',
48 silly addNameRange     '1.2.8',
48 silly addNameRange     '1.3.0',
48 silly addNameRange     '1.3.1',
48 silly addNameRange     '1.3.2',
48 silly addNameRange     '1.3.3',
48 silly addNameRange     '1.3.4',
48 silly addNameRange     '1.3.5',
48 silly addNameRange     '1.3.6',
48 silly addNameRange     '1.3.7',
48 silly addNameRange     '1.3.8',
48 silly addNameRange     '1.3.9',
48 silly addNameRange     '1.3.10',
48 silly addNameRange     '1.3.11',
48 silly addNameRange     '1.3.12',
48 silly addNameRange     '1.4.0',
48 silly addNameRange     '1.4.1',
48 silly addNameRange     '1.5.0',
48 silly addNameRange     '1.5.1',
48 silly addNameRange     '1.5.2' ] ]
49 verbose addNamed [ 'bower', '1.5.2' ]
50 verbose addNamed [ '1.5.2', '1.5.2' ]
51 silly lockFile ee94e6b7-bower-1-5-2 bower@1.5.2
52 verbose lock bower@1.5.2 /home/aster/.npm/ee94e6b7-bower-1-5-2.lock
53 silly lockFile 60c89777--npmjs-org-bower-bower-1-5-2-tgz https://registry.npmjs.org/bower/-/bower-1.5.2.tgz
54 verbose lock https://registry.npmjs.org/bower/-/bower-1.5.2.tgz /home/aster/.npm/60c89777--npmjs-org-bower-bower-1-5-2-tgz.lock
55 verbose addRemoteTarball [ 'https://registry.npmjs.org/bower/-/bower-1.5.2.tgz',
55 verbose addRemoteTarball   'be291d6c36f1740779abff1c61aca5633e265327' ]
56 info retry fetch attempt 1 at 10:04:39
57 verbose fetch to= /tmp/npm-5928-RkhRROBm/registry.npmjs.org/bower/-/bower-1.5.2.tgz
58 http GET https://registry.npmjs.org/bower/-/bower-1.5.2.tgz
59 http 200 https://registry.npmjs.org/gulp
60 silly registry.get cb [ 200,
60 silly registry.get   { server: 'CouchDB/1.5.0 (Erlang OTP/R16B03)',
60 silly registry.get     etag: '"9I4IJZGENABXUHZW4R62XH59I"',
60 silly registry.get     'content-type': 'application/json',
60 silly registry.get     'cache-control': 'max-age=60',
60 silly registry.get     'content-length': '105780',
60 silly registry.get     'accept-ranges': 'bytes',
60 silly registry.get     date: 'Sun, 30 Aug 2015 15:04:39 GMT',
60 silly registry.get     via: '1.1 varnish',
60 silly registry.get     age: '0',
60 silly registry.get     connection: 'keep-alive',
60 silly registry.get     'x-served-by': 'cache-dfw1835-DFW',
60 silly registry.get     'x-cache': 'HIT',
60 silly registry.get     'x-cache-hits': '1',
60 silly registry.get     'x-timer': 'S1440947078.854086,VS0,VE190',
60 silly registry.get     vary: 'Accept' } ]
61 silly addNameRange number 2 { name: 'gulp', range: '*', hasData: true }
62 silly addNameRange versions [ 'gulp',
62 silly addNameRange   [ '0.0.1',
62 silly addNameRange     '0.0.2',
62 silly addNameRange     '0.0.3',
62 silly addNameRange     '0.0.4',
62 silly addNameRange     '0.0.5',
62 silly addNameRange     '0.0.7',
62 silly addNameRange     '0.0.8',
62 silly addNameRange     '0.0.9',
62 silly addNameRange     '0.1.0',
62 silly addNameRange     '0.2.0',
62 silly addNameRange     '1.0.0',
62 silly addNameRange     '1.1.0',
62 silly addNameRange     '1.2.0',
62 silly addNameRange     '1.2.1',
62 silly addNameRange     '2.0.0',
62 silly addNameRange     '2.0.1',
62 silly addNameRange     '2.1.0',
62 silly addNameRange     '2.2.0',
62 silly addNameRange     '2.3.0',
62 silly addNameRange     '2.4.0',
62 silly addNameRange     '2.4.1',
62 silly addNameRange     '2.6.0',
62 silly addNameRange     '2.6.1',
62 silly addNameRange     '2.7.0',
62 silly addNameRange     '3.0.0',
62 silly addNameRange     '3.1.1',
62 silly addNameRange     '3.1.2',
62 silly addNameRange     '3.1.3',
62 silly addNameRange     '3.1.4',
62 silly addNameRange     '3.2.0',
62 silly addNameRange     '3.2.1',
62 silly addNameRange     '3.2.2',
62 silly addNameRange     '3.2.3',
62 silly addNameRange     '3.2.4',
62 silly addNameRange     '3.2.5',
62 silly addNameRange     '3.3.0',
62 silly addNameRange     '3.3.1',
62 silly addNameRange     '3.3.2',
62 silly addNameRange     '3.3.4',
62 silly addNameRange     '3.4.0',
62 silly addNameRange     '3.5.0',
62 silly addNameRange     '3.5.1',
62 silly addNameRange     '3.5.2',
62 silly addNameRange     '3.5.5',
62 silly addNameRange     '3.5.6',
62 silly addNameRange     '3.6.0',
62 silly addNameRange     '3.6.1',
62 silly addNameRange     '3.6.2',
62 silly addNameRange     '3.7.0',
62 silly addNameRange     '3.8.0',
62 silly addNameRange     '3.8.1',
62 silly addNameRange     '3.8.2',
62 silly addNameRange     '3.8.3',
62 silly addNameRange     '3.8.4',
62 silly addNameRange     '3.8.5',
62 silly addNameRange     '3.8.6',
62 silly addNameRange     '3.8.7',
62 silly addNameRange     '3.8.8',
62 silly addNameRange     '3.8.9',
62 silly addNameRange     '3.8.10',
62 silly addNameRange     '3.8.11',
62 silly addNameRange     '3.9.0' ] ]
63 verbose addNamed [ 'gulp', '3.9.0' ]
64 verbose addNamed [ '3.9.0', '3.9.0' ]
65 silly lockFile c2697a61-gulp-3-9-0 gulp@3.9.0
66 verbose lock gulp@3.9.0 /home/aster/.npm/c2697a61-gulp-3-9-0.lock
67 silly lockFile af4766b8-ry-npmjs-org-gulp-gulp-3-9-0-tgz https://registry.npmjs.org/gulp/-/gulp-3.9.0.tgz
68 verbose lock https://registry.npmjs.org/gulp/-/gulp-3.9.0.tgz /home/aster/.npm/af4766b8-ry-npmjs-org-gulp-gulp-3-9-0-tgz.lock
69 verbose addRemoteTarball [ 'https://registry.npmjs.org/gulp/-/gulp-3.9.0.tgz',
69 verbose addRemoteTarball   'cf1fba4cb558bb8c6ae6c9613f583ae2620d214a' ]
70 info retry fetch attempt 1 at 10:04:39
71 verbose fetch to= /tmp/npm-5928-RkhRROBm/registry.npmjs.org/gulp/-/gulp-3.9.0.tgz
72 http GET https://registry.npmjs.org/gulp/-/gulp-3.9.0.tgz
73 http 200 https://registry.npmjs.org/bower/-/bower-1.5.2.tgz
74 silly lockFile 60c89777--npmjs-org-bower-bower-1-5-2-tgz https://registry.npmjs.org/bower/-/bower-1.5.2.tgz
75 silly lockFile 60c89777--npmjs-org-bower-bower-1-5-2-tgz https://registry.npmjs.org/bower/-/bower-1.5.2.tgz
76 silly lockFile ee94e6b7-bower-1-5-2 bower@1.5.2
77 silly lockFile ee94e6b7-bower-1-5-2 bower@1.5.2
78 silly lockFile 1240aab1-bower bower@
79 silly lockFile 1240aab1-bower bower@
80 http 200 https://registry.npmjs.org/gulp/-/gulp-3.9.0.tgz
81 silly lockFile af4766b8-ry-npmjs-org-gulp-gulp-3-9-0-tgz https://registry.npmjs.org/gulp/-/gulp-3.9.0.tgz
82 silly lockFile af4766b8-ry-npmjs-org-gulp-gulp-3-9-0-tgz https://registry.npmjs.org/gulp/-/gulp-3.9.0.tgz
83 silly lockFile c2697a61-gulp-3-9-0 gulp@3.9.0
84 silly lockFile c2697a61-gulp-3-9-0 gulp@3.9.0
85 silly lockFile 72f4391e-gulp gulp@
86 silly lockFile 72f4391e-gulp gulp@
87 silly resolved [ { name: 'bower',
87 silly resolved     version: '1.5.2',
87 silly resolved     description: 'The browser package manager',
87 silly resolved     author: { name: 'Twitter' },
87 silly resolved     license: 'MIT',
87 silly resolved     repository: { type: 'git', url: 'git+https://github.com/bower/bower.git' },
87 silly resolved     main: 'lib',
87 silly resolved     homepage: 'http://bower.io',
87 silly resolved     engines: { node: '>=0.10.0' },
87 silly resolved     dependencies:
87 silly resolved      { abbrev: '^1.0.5',
87 silly resolved        archy: '1.0.0',
87 silly resolved        'bower-config': '^0.6.1',
87 silly resolved        'bower-endpoint-parser': '^0.2.2',
87 silly resolved        'bower-json': '^0.4.0',
87 silly resolved        'bower-logger': '^0.2.2',
87 silly resolved        'bower-registry-client': '^0.3.0',
87 silly resolved        cardinal: '0.4.4',
87 silly resolved        chalk: '^1.0.0',
87 silly resolved        chmodr: '0.1.0',
87 silly resolved        configstore: '^0.3.2',
87 silly resolved        'decompress-zip': '^0.1.0',
87 silly resolved        'deep-sort-object': '~0.1.1',
87 silly resolved        fstream: '^1.0.3',
87 silly resolved        'fstream-ignore': '^1.0.2',
87 silly resolved        github: '^0.2.3',
87 silly resolved        glob: '^4.3.2',
87 silly resolved        'graceful-fs': '^3.0.5',
87 silly resolved        handlebars: '^2.0.0',
87 silly resolved        inquirer: '0.8.0',
87 silly resolved        insight: '^0.5.0',
87 silly resolved        'is-root': '^1.0.0',
87 silly resolved        junk: '^1.0.0',
87 silly resolved        lockfile: '^1.0.0',
87 silly resolved        'lru-cache': '^2.5.0',
87 silly resolved        mkdirp: '0.5.0',
87 silly resolved        mout: '^0.11.0',
87 silly resolved        nopt: '^3.0.1',
87 silly resolved        opn: '^1.0.1',
87 silly resolved        'p-throttler': '0.1.1',
87 silly resolved        promptly: '0.2.0',
87 silly resolved        q: '^1.1.2',
87 silly resolved        request: '2.53.0',
87 silly resolved        'request-progress': '0.3.1',
87 silly resolved        retry: '0.6.1',
87 silly resolved        rimraf: '^2.2.8',
87 silly resolved        semver: '^2.3.0',
87 silly resolved        'shell-quote': '^1.4.2',
87 silly resolved        'stringify-object': '^1.0.0',
87 silly resolved        'tar-fs': '^1.4.1',
87 silly resolved        tmp: '0.0.24',
87 silly resolved        'update-notifier': '^0.3.0',
87 silly resolved        'user-home': '^1.1.0',
87 silly resolved        which: '^1.0.8' },
87 silly resolved     devDependencies:
87 silly resolved      { chai: '^1.10.0',
87 silly resolved        coveralls: '^2.11.2',
87 silly resolved        'expect.js': '^0.3.1',
87 silly resolved        grunt: '^0.4.5',
87 silly resolved        'grunt-cli': '^0.1.13',
87 silly resolved        'grunt-contrib-jshint': '^0.10.0',
87 silly resolved        'grunt-contrib-watch': '^0.6.1',
87 silly resolved        'grunt-exec': '^0.4.6',
87 silly resolved        'grunt-simple-mocha': '^0.4.0',
87 silly resolved        istanbul: '^0.3.5',
87 silly resolved        'load-grunt-tasks': '^2.0.0',
87 silly resolved        mocha: '^2.1.0',
87 silly resolved        multiline: '^1.0.2',
87 silly resolved        nock: '^0.56.0',
87 silly resolved        'node-uuid': '^1.4.2',
87 silly resolved        proxyquire: '^1.3.0',
87 silly resolved        'spawn-sync': '^1.0.5' },
87 silly resolved     scripts: { test: 'grunt test' },
87 silly resolved     bin: { bower: 'bin/bower' },
87 silly resolved     files: [ 'bin', 'lib', 'templates' ],
87 silly resolved     gitHead: '64d990ba102c8491c474dd99605b9a9725e62cbb',
87 silly resolved     bugs: { url: 'https://github.com/bower/bower/issues' },
87 silly resolved     _id: 'bower@1.5.2',
87 silly resolved     _shasum: 'be291d6c36f1740779abff1c61aca5633e265327',
87 silly resolved     _from: 'bower@',
87 silly resolved     _npmVersion: '2.11.3',
87 silly resolved     _nodeVersion: '0.12.7',
87 silly resolved     _npmUser: { name: 'sheerun', email: 'sheerun@sher.pl' },
87 silly resolved     dist:
87 silly resolved      { shasum: 'be291d6c36f1740779abff1c61aca5633e265327',
87 silly resolved        tarball: 'http://registry.npmjs.org/bower/-/bower-1.5.2.tgz' },
87 silly resolved     maintainers: [ [Object], [Object], [Object], [Object], [Object], [Object] ],
87 silly resolved     directories: {},
87 silly resolved     _resolved: 'https://registry.npmjs.org/bower/-/bower-1.5.2.tgz' },
87 silly resolved   { name: 'gulp',
87 silly resolved     description: 'The streaming build system',
87 silly resolved     version: '3.9.0',
87 silly resolved     homepage: 'http://gulpjs.com',
87 silly resolved     repository: { type: 'git', url: 'git+https://github.com/gulpjs/gulp.git' },
87 silly resolved     author:
87 silly resolved      { name: 'Fractal',
87 silly resolved        email: 'contact@wearefractal.com',
87 silly resolved        url: 'http://wearefractal.com/' },
87 silly resolved     tags: [ 'build', 'stream', 'system', 'make', 'tool', 'asset', 'pipeline' ],
87 silly resolved     files: [ 'index.js', 'lib', 'bin', 'completion' ],
87 silly resolved     bin: { gulp: './bin/gulp.js' },
87 silly resolved     man: [ 'gulp.1' ],
87 silly resolved     dependencies:
87 silly resolved      { archy: '^1.0.0',
87 silly resolved        chalk: '^1.0.0',
87 silly resolved        deprecated: '^0.0.1',
87 silly resolved        'gulp-util': '^3.0.0',
87 silly resolved        interpret: '^0.6.2',
87 silly resolved        liftoff: '^2.1.0',
87 silly resolved        minimist: '^1.1.0',
87 silly resolved        orchestrator: '^0.3.0',
87 silly resolved        'pretty-hrtime': '^1.0.0',
87 silly resolved        semver: '^4.1.0',
87 silly resolved        tildify: '^1.0.0',
87 silly resolved        v8flags: '^2.0.2',
87 silly resolved        'vinyl-fs': '^0.3.0' },
87 silly resolved     devDependencies:
87 silly resolved      { coveralls: '^2.7.0',
87 silly resolved        'graceful-fs': '^3.0.0',
87 silly resolved        istanbul: '^0.3.0',
87 silly resolved        jscs: '~1.12.0',
87 silly resolved        jshint: '^2.5.0',
87 silly resolved        'jshint-stylish': '^1.0.0',
87 silly resolved        'marked-man': '^0.1.3',
87 silly resolved        mkdirp: '^0.5.0',
87 silly resolved        mocha: '^2.0.1',
87 silly resolved        'mocha-lcov-reporter': '^0.0.1',
87 silly resolved        q: '^1.0.0',
87 silly resolved        rimraf: '^2.2.5',
87 silly resolved        should: '^5.0.1' },
87 silly resolved     scripts:
87 silly resolved      { prepublish: 'marked-man --name gulp docs/CLI.md > gulp.1',
87 silly resolved        lint: 'jshint lib bin test index.js --reporter node_modules/jshint-stylish/stylish.js --exclude node_modules && jscs lib bin test index.js',
87 silly resolved        test: 'npm run-script lint && mocha --reporter spec',
87 silly resolved        coveralls: 'istanbul cover _mocha --report lcovonly -- -R spec && cat ./coverage/lcov.info | coveralls && rm -rf ./coverage' },
87 silly resolved     engines: { node: '>= 0.9' },
87 silly resolved     license: 'MIT',
87 silly resolved     gitHead: '657213a52d5e9c19b85df6a42f76341a98c08ae8',
87 silly resolved     bugs: { url: 'https://github.com/gulpjs/gulp/issues' },
87 silly resolved     _id: 'gulp@3.9.0',
87 silly resolved     _shasum: 'cf1fba4cb558bb8c6ae6c9613f583ae2620d214a',
87 silly resolved     _from: 'gulp@',
87 silly resolved     _npmVersion: '2.8.3',
87 silly resolved     _nodeVersion: '0.10.36',
87 silly resolved     _npmUser: { name: 'phated', email: 'blaine@iceddev.com' },
87 silly resolved     maintainers: [ [Object], [Object] ],
87 silly resolved     dist:
87 silly resolved      { shasum: 'cf1fba4cb558bb8c6ae6c9613f583ae2620d214a',
87 silly resolved        tarball: 'http://registry.npmjs.org/gulp/-/gulp-3.9.0.tgz' },
87 silly resolved     directories: {},
87 silly resolved     _resolved: 'https://registry.npmjs.org/gulp/-/gulp-3.9.0.tgz' } ]
88 info install bower@1.5.2 into /usr/local/lib
89 info install gulp@3.9.0 into /usr/local/lib
90 info installOne bower@1.5.2
91 info installOne gulp@3.9.0
92 verbose lib/node_modules/bower unbuild
93 verbose lib/node_modules/gulp unbuild
94 verbose tar unpack /home/aster/.npm/bower/1.5.2/package.tgz
95 silly lockFile 1396471b-usr-local-lib-node-modules-bower tar:///usr/local/lib/node_modules/bower
96 verbose lock tar:///usr/local/lib/node_modules/bower /home/aster/.npm/1396471b-usr-local-lib-node-modules-bower.lock
97 silly lockFile cae22d17-ster-npm-bower-1-5-2-package-tgz tar:///home/aster/.npm/bower/1.5.2/package.tgz
98 verbose lock tar:///home/aster/.npm/bower/1.5.2/package.tgz /home/aster/.npm/cae22d17-ster-npm-bower-1-5-2-package-tgz.lock
99 verbose tar unpack /home/aster/.npm/gulp/3.9.0/package.tgz
100 silly lockFile f8641481--usr-local-lib-node-modules-gulp tar:///usr/local/lib/node_modules/gulp
101 verbose lock tar:///usr/local/lib/node_modules/gulp /home/aster/.npm/f8641481--usr-local-lib-node-modules-gulp.lock
102 silly lockFile cd825932-aster-npm-gulp-3-9-0-package-tgz tar:///home/aster/.npm/gulp/3.9.0/package.tgz
103 verbose lock tar:///home/aster/.npm/gulp/3.9.0/package.tgz /home/aster/.npm/cd825932-aster-npm-gulp-3-9-0-package-tgz.lock
104 silly gunzTarPerm modes [ '775', '664' ]
105 silly gunzTarPerm modes [ '775', '664' ]
106 error Error: EACCES, mkdir '/usr/local/lib/node_modules/bower'
106 error  { [Error: EACCES, mkdir '/usr/local/lib/node_modules/bower']
106 error   errno: 3,
106 error   code: 'EACCES',
106 error   path: '/usr/local/lib/node_modules/bower',
106 error   fstream_type: 'Directory',
106 error   fstream_path: '/usr/local/lib/node_modules/bower',
106 error   fstream_class: 'DirWriter',
106 error   fstream_stack:
106 error    [ '/usr/local/lib/node_modules/npm/node_modules/fstream/lib/dir-writer.js:36:23',
106 error      '/usr/local/lib/node_modules/npm/node_modules/mkdirp/index.js:46:53',
106 error      'Object.oncomplete (fs.js:107:15)' ] }
107 error Please try running this command again as root/Administrator.
108 error System Linux 3.13.0-62-generic
109 error command "/usr/local/bin/node" "/usr/local/bin/npm" "install" "-g" "gulp" "bower"
110 error cwd /home/aster/Documentos/polymer/Perros
111 error node -v v0.10.33
112 error npm -v 1.4.28
113 error path /usr/local/lib/node_modules/bower
114 error fstream_path /usr/local/lib/node_modules/bower
115 error fstream_type Directory
116 error fstream_class DirWriter
117 error code EACCES
118 error errno 3
119 error stack Error: EACCES, mkdir '/usr/local/lib/node_modules/bower'
120 error fstream_stack /usr/local/lib/node_modules/npm/node_modules/fstream/lib/dir-writer.js:36:23
120 error fstream_stack /usr/local/lib/node_modules/npm/node_modules/mkdirp/index.js:46:53
120 error fstream_stack Object.oncomplete (fs.js:107:15)
121 verbose exit [ 3, true ]
